[debug] [2021-09-30T12:49:02.835Z] ----------------------------------------------------------------------
[debug] [2021-09-30T12:49:02.837Z] Command:       C:\Program Files\nodejs\node.exe C:\Users\hp\AppData\Roaming\npm\node_modules\firebase-tools\lib\bin\firebase.js init
[debug] [2021-09-30T12:49:02.838Z] CLI Version:   9.19.0
[debug] [2021-09-30T12:49:02.838Z] Platform:      win32
[debug] [2021-09-30T12:49:02.838Z] Node Version:  v14.15.0
[debug] [2021-09-30T12:49:02.839Z] Time:          Thu Sep 30 2021 18:19:02 GMT+0530 (India Standard Time)
[debug] [2021-09-30T12:49:02.839Z] ----------------------------------------------------------------------
[debug] 
[debug] [2021-09-30T12:49:02.845Z] > command requires scopes: ["email","openid","https://www.googleapis.com/auth/cloudplatformprojects.readonly","https://www.googleapis.com/auth/firebase","https://www.googleapis.com/auth/cloud-platform"]
[debug] [2021-09-30T12:49:02.846Z] > authorizing via signed-in user (sherin@triaxia.in)
[info] 
     ######## #### ########  ######## ########     ###     ######  ########
     ##        ##  ##     ## ##       ##     ##  ##   ##  ##       ##
     ######    ##  ########  ######   ########  #########  ######  ######
     ##        ##  ##    ##  ##       ##     ## ##     ##       ## ##
     ##       #### ##     ## ######## ########  ##     ##  ######  ########

You're about to initialize a Firebase project in this directory:

  C:\Users\hp\Desktop\Fitness-tracker

[info] 
=== Project Setup
[info] 
[info] First, let's associate this project directory with a Firebase project.
[info] You can create multiple project aliases by running firebase use --add, 
[info] but for now we'll just set up a default project.
[info] 
[debug] [2021-09-30T12:49:33.769Z] >>> [apiv2][query] GET https://firebase.googleapis.com/v1beta1/projects pageSize=100
[debug] [2021-09-30T12:49:45.020Z] <<< [apiv2][status] GET https://firebase.googleapis.com/v1beta1/projects 503
[debug] [2021-09-30T12:49:45.021Z] <<< [apiv2][body] GET https://firebase.googleapis.com/v1beta1/projects [omitted]
[debug] [2021-09-30T12:49:45.021Z] HTTP Error: 503, Deadline exceeded from RTDB Metadata Server.
[debug] [2021-09-30T12:49:45.193Z] FirebaseError: HTTP Error: 503, Deadline exceeded from RTDB Metadata Server.
    at module.exports (C:\Users\hp\AppData\Roaming\npm\node_modules\firebase-tools\lib\responseToError.js:38:12)
    at Client.doRequest (C:\Users\hp\AppData\Roaming\npm\node_modules\firebase-tools\lib\apiv2.js:238:23)
    at processTicksAndRejections (internal/process/task_queues.js:93:5)
    at async Client.request (C:\Users\hp\AppData\Roaming\npm\node_modules\firebase-tools\lib\apiv2.js:96:20)
    at async getProjectPage (C:\Users\hp\AppData\Roaming\npm\node_modules\firebase-tools\lib\management\projects.js:233:17)
    at async getFirebaseProjectPage (C:\Users\hp\AppData\Roaming\npm\node_modules\firebase-tools\lib\management\projects.js:250:23)
    at async selectProjectInteractively (C:\Users\hp\AppData\Roaming\npm\node_modules\firebase-tools\lib\management\projects.js:95:41)
    at async Object.doSetup [as project] (C:\Users\hp\AppData\Roaming\npm\node_modules\firebase-tools\lib\init\features\project.js:87:27)
    at async init (C:\Users\hp\AppData\Roaming\npm\node_modules\firebase-tools\lib\init\index.js:19:9)
[error] 
[error] Error: Failed to list Firebase projects. See firebase-debug.log for more info.
